Sandbox logs:
0 OpenBLAS WARNING - could not determine the L2 cache size on this system, assuming 256k
START RequestId: 8ab36ff8-b4e6-42d4-b012-e6ad69c42085 Version: $LATEST
END RequestId: 8ab36ff8-b4e6-42d4-b012-e6ad69c42085
REPORT RequestId: 8ab36ff8-b4e6-42d4-b012-e6ad69c42085	Duration: 18.73 ms	Billed Duration: 19 ms	Memory Size: 128 MB	Max Memory Used: 94 MB	Init Duration: 1574.09 ms

100
200
300
400
500
600
700
800
900
1000
1100
1200
1300
1400
1500
1600
1700
1800
1900
2000
2100
2200
2300
2400
2500
2600
2700
2800
2900
3000
3100
3200
3300
3400
3500
3600
3700
3800
3900
4000
4100
4200
4300
4400
4500
4600
4700
4800
4900
5000
5100
5200
5300
5400
5500
5600
5700
5800
5900
6000
6100
6200
6300
6400
6500
6600
6700
6800
6900
7000
7100
7200
7300
7400
7500
7600
7700
7800
7900
8000
8100
8200
8300
8400
8500
8600
8700
8800
8900
9000
9100
9200
9300
9400
9500
9600
9700
9800
9900
10000


Submission logs:



Activities log:
day;timestamp;product;bid_price_1;bid_volume_1;bid_price_2;bid_volume_2;bid_price_3;bid_volume_3;ask_price_1;ask_volume_1;ask_price_2;ask_volume_2;ask_price_3;ask_volume_3;mid_price;profit_and_loss0;0;PEARLS;9998.0;1;9995.0;30;;;10005.0;30;;;;;10001.5;0.0
0;0;BANANAS;4893.0;1;4892.0;30;;;4899.0;30;;;;;4896.0;0.0
0;0;COCONUTS;8113.0;205;;;;;8116.0;205;;;;;8114.5;0.0
0;0;PINA_COLADAS;15225.0;82;;;;;15228.0;82;;;;;15226.5;0.0
0;0;DIVING_GEAR;99999.0;6;99998.0;19;;;100001.0;6;100002.0;19;;;100000.0;0.0
0;0;BERRIES;3997.0;19;3996.0;58;;;4003.0;19;4005.0;58;;;4000.0;0.0
0;0;DOLPHIN_SIGHTINGS;;;;;;;;;;;;;3000.0;0.0
0;100;PEARLS;9996.0;1;9995.0;30;;;10002.0;6;10004.0;1;10005.0;30;9999.0;0.0
0;100;BANANAS;4892.0;31;;;;;4896.0;7;4898.0;31;;;4894.0;0.0
0;100;COCONUTS;8113.0;192;;;;;8115.0;70;8116.0;122;;;8114.0;0.0
0;100;PINA_COLADAS;15223.0;109;;;;;15226.0;109;;;;;15224.5;2283750.0
0;100;DIVING_GEAR;99999.0;5;99998.0;12;;;100001.0;5;100002.0;12;;;100000.0;0.0
0;100;BERRIES;3996.0;12;3995.0;59;;;4003.0;12;4004.0;59;;;3999.5;0.0
0;100;DOLPHIN_SIGHTINGS;;;;;;;;;;;;;3000.0;0.0
0;200;PEARLS;9996.0;1;9995.0;21;;;10004.0;1;10005.0;21;;;10000.0;0.0
0;200;BANANAS;4892.0;22;;;;;4899.0;22;;;;;4895.5;0.0
0;200;COCONUTS;8113.0;167;;;;;8116.0;167;;;;;8114.5;0.0
0;200;PINA_COLADAS;15226.0;7;15224.0;101;;;15227.0;101;;;;;15226.5;2283750.0
0;200;DIVING_GEAR;100002.0;2;100001.0;10;100000.0;14;100003.0;10;100004.0;14;;;100002.5;0.0
0;200;BERRIES;3995.0;14;3994.0;52;;;4002.0;14;4003.0;52;;;3998.5;0.0
0;200;DOLPHIN_SIGHTINGS;;;;;;;;;;;;;2999.0;0.0
0;300;PEARLS;9996.0;2;9995.0;23;;;9998.0;3;10004.0;2;10005.0;23;9997.0;0.0
0;300;BANANAS;4893.0;25;;;;;4899.0;2;4900.0;23;;;4896.0;0.0
0;300;COCONUTS;8113.0;68;8112.0;118;;;8115.0;68;8116.0;118;;;8114.0;0.0
0;300;PINA_COLADAS;15224.0;84;;;;;15227.0;84;;;;;15225.5;2283750.0
0;300;DIVING_GEAR;99999.0;9;99998.0;11;;;100001.0;9;100002.0;11;;;100000.0;0.0
0;300;BERRIES;3995.0;11;3994.0;42;;;4002.0;11;4003.0;42;;;3998.5;0.0
0;300;DOLPHIN_SIGHTINGS;;;;;;;;;;;;;2999.0;0.0
0;400;PEARLS;9998.0;5;9996.0;2;9995.0;23;10004.0;2;10005.0;23;;;10001.0;0.0
0;400;BANANAS;4894.0;5;4893.0;25;;;4899.0;25;;;;;4896.5;0.0
0;400;COCONUTS;8112.0;73;8111.0;128;;;8114.0;201;;;;;8113.0;0.0
0;400;PINA_COLADAS;15220.0;105;;;;;15223.0;105;;;;;15221.5;2283750.0
0;400;DIVING_GEAR;99993.0;19;;;;;99996.0;19;;;;;99994.5;0.0
0;400;BERRIES;3996.0;13;3995.0;56;;;4003.0;13;4004.0;56;;;3999.5;0.0
0;400;DOLPHIN_SIGHTINGS;;;;;;;;;;;;;2999.0;0.0
0;500;PEARLS;10002.0;1;9996.0;2;9995.0;22;10004.0;2;10005.0;22;;;10003.0;0.0
0;500;BANANAS;4893.0;24;;;;;4899.0;24;;;;;4896.0;0.0
0;500;COCONUTS;8112.0;168;;;;;8114.0;53;8115.0;115;;;8113.0;0.0
0;500;PINA_COLADAS;15221.0;97;;;;;15224.0;37;15225.0;60;;;15222.5;2283750.0
0;500;DIVING_GEAR;99990.0;22;;;;;99993.0;22;;;;;99991.5;0.0
0;500;BERRIES;3996.0;16;3995.0;48;;;4003.0;16;4004.0;48;;;3999.5;0.0
0;500;DOLPHIN_SIGHTINGS;;;;;;;;;;;;;3000.0;0.0
0;600;PEARLS;9996.0;2;9995.0;24;;;10002.0;9;10004.0;2;10005.0;24;9999.0;0.0
0;600;BANANAS;4892.0;26;;;;;4897.0;9;4899.0;26;;;4894.5;0.0
0;600;COCONUTS;8113.0;44;8112.0;212;;;8114.0;62;8115.0;150;;;8113.5;0.0
0;600;PINA_COLADAS;15221.0;22;15220.0;53;;;15224.0;75;;;;;15222.5;2283750.0
0;600;DIVING_GEAR;99984.0;22;;;;;99987.0;22;;;;;99985.5;0.0
0;600;BERRIES;3996.0;13;3995.0;55;;;4003.0;13;4004.0;55;;;3999.5;0.0
0;600;DOLPHIN_SIGHTINGS;;;;;;;;;;;;;3000.0;0.0
0;700;PEARLS;9998.0;7;9995.0;27;;;10005.0;27;;;;;10001.5;0.0
0;700;BANANAS;4892.0;7;4891.0;27;;;4898.0;27;;;;;4895.0;0.0
0;700;COCONUTS;8111.0;158;;;;;8114.0;158;;;;;8112.5;0.0
0;700;PINA_COLADAS;15219.0;98;;;;;15222.0;98;;;;;15220.5;2283750.0
0;700;DIVING_GEAR;99985.0;5;99984.0;16;;;99987.0;5;99988.0;16;;;99986.0;0.0
0;700;BERRIES;3997.0;16;3996.0;57;;;4004.0;16;4005.0;57;;;4000.5;0.0
0;700;DOLPHIN_SIGHTINGS;;;;;;;;;;;;;3000.0;0.0
0;800;PEARLS;9995.0;26;;;;;10005.0;26;;;;;10000.0;0.0
0;800;BANANAS;4891.0;26;;;;;4898.0;26;;;;;4894.5;0.0
0;800;COCONUTS;8112.0;204;;;;;8114.0;67;8115.0;137;;;8113.0;0.0
0;800;PINA_COLADAS;15220.0;100;;;;;15223.0;100;;;;;15221.5;2283750.0
0;800;DIVING_GEAR;99993.0;5;99992.0;10;;;99995.0;5;99996.0;10;;;99994.0;0.0
0;800;BERRIES;3997.0;10;3996.0;51;;;4004.0;10;4005.0;51;;;4000.5;0.0
0;800;DOLPHIN_SIGHTINGS;;;;;;;;;;;;;2999.0;0.0
0;900;PEARLS;9996.0;2;9995.0;27;;;10004.0;2;10005.0;27;;;10000.0;0.0
0;900;BANANAS;4892.0;2;4891.0;27;;;4898.0;29;;;;;4895.0;0.0
0;900;COCONUTS;8111.0;184;;;;;8114.0;184;;;;;8112.5;0.0
0;900;PINA_COLADAS;15219.0;13;15218.0;24;15217.0;74;15220.0;24;15221.0;74;;;15219.5;2283750.0
0;900;DIVING_GEAR;99990.0;9;99989.0;20;;;99992.0;9;99993.0;20;;;99991.0;0.0
0;900;BERRIES;3998.0;20;3997.0;49;;;4005.0;20;4006.0;49;;;4001.5;0.0
0;900;DOLPHIN_SIGHTINGS;;;;;;;;;;;;;3000.0;0.0
0;1000;PEARLS;9996.0;2;9995.0;26;;;10004.0;2;10005.0;26;;;10000.0;0.0
0;1000;BANANAS;4891.0;28;;;;;4897.0;2;4898.0;26;;;4894.0;0.0
0;1000;COCONUTS;8111.0;72;8110.0;140;;;8113.0;212;;;;;8112.0;0.0
0;1000;PINA_COLADAS;15218.0;38;15217.0;52;;;15221.0;90;;;;;15219.5;2283750.0
0;1000;DIVING_GEAR;99986.0;7;99985.0;16;;;99988.0;7;99989.0;16;;;99987.0;0.0
0;1000;BERRIES;3998.0;16;3997.0;56;;;4005.0;16;4006.0;56;;;4001.5;0.0
0;1000;DOLPHIN_SIGHTINGS;;;;;;;;;;;;;3000.0;0.0
0;1100;PEARLS;9996.0;2;9995.0;23;;;10004.0;2;10005.0;23;;;10000.0;0.0
0;1100;BANANAS;4891.0;25;;;;;4898.0;25;;;;;4894.5;0.0
0;1100;COCONUTS;8111.0;205;;;;;8114.0;205;;;;;8112.5;0.0
0;1100;PINA_COLADAS;15220.0;67;15219.0;50;;;15222.0;29;15223.0;50;;;15221.0;2283750.0
0;1100;DIVING_GEAR;99989.0;23;;;;;99991.0;7;99992.0;16;;;99990.0;0.0
0;1100;BERRIES;3997.0;16;3996.0;48;;;4004.0;16;4005.0;48;;;4000.5;0.0
0;1100;DOLPHIN_SIGHTINGS;;;;;;;;;;;;;3000.0;0.0
0;1200;PEARLS;9998.0;9;9996.0;2;9995.0;28;10004.0;2;10005.0;28;;;10001.0;0.0
0;1200;BANANAS;4892.0;9;4891.0;30;;;4898.0;30;;;;;4895.0;0.0
0;1200;COCONUTS;8112.0;169;;;;;8114.0;62;8115.0;107;;;8113.0;0.0
0;1200;PINA_COLADAS;15222.0;89;;;;;15225.0;89;;;;;15223.5;2283750.0
0;1200;DIVING_GEAR;99991.0;18;;;;;99994.0;18;;;;;99992.5;0.0
0;1200;BERRIES;3998.0;13;3997.0;54;;;4005.0;13;4006.0;54;;;4001.5;0.0
0;1200;DOLPHIN_SIGHTINGS;;;;;;;;;;;;;3000.0;0.0
0;1300;PEARLS;9996.0;1;9995.0;27;;;10004.0;1;10005.0;27;;;10000.0;0.0
0;1300;BANANAS;4891.0;1;4890.0;27;;;4892.0;4;4897.0;28;;;4891.5;0.0
0;1300;COCONUTS;8111.0;149;;;;;8113.0;43;8114.0;106;;;8112.0;0.0
0;1300;PINA_COLADAS;15222.0;91;;;;;15225.0;27;15226.0;64;;;15223.5;2283750.0
0;1300;DIVING_GEAR;99992.0;10;99991.0;14;;;99994.0;10;99995.0;14;;;99993.0;0.0
0;1300;BERRIES;3997.0;14;3996.0;53;;;4000.0;4;4004.0;14;4005.0;53;3998.5;0.0
0;1300;DOLPHIN_SIGHTINGS;;;;;;;;;;;;;3000.0;0.0
0;1400;PEARLS;9996.0;2;9995.0;24;;;10004.0;2;10005.0;24;;;10000.0;0.0
0;1400;BANANAS;4891.0;1;4890.0;24;;;4897.0;26;;;;;4894.0;0.0
0;1400;COCONUTS;8110.0;182;;;;;8113.0;182;;;;;8111.5;0.0
0;1400;PINA_COLADAS;15223.0;94;;;;;15224.0;35;15226.0;94;;;15223.5;2283750.0
0;1400;DIVING_GEAR;99986.0;22;;;;;99989.0;22;;;;;99987.5;0.0
0;1400;BERRIES;3997.0;15;3996.0;57;;;4004.0;15;4005.0;57;;;4000.5;0.0
0;1400;DOLPHIN_SIGHTINGS;;;;;;;;;;;;;3000.0;0.0
0;1500;PEARLS;10002.0;1;9996.0;2;9995.0;20;10004.0;2;10005.0;20;;;10003.0;0.0
0;1500;BANANAS;4896.0;1;4891.0;2;4890.0;20;4897.0;22;;;;;4896.5;0.0
0;1500;COCONUTS;8111.0;205;;;;;8114.0;205;;;;;8112.5;0.0
0;1500;PINA_COLADAS;15225.0;36;15224.0;54;;;15228.0;90;;;;;15226.5;2283750.0
0;1500;DIVING_GEAR;99986.0;5;99985.0;18;;;99988.0;5;99989.0;18;;;99987.0;0.0
0;1500;BERRIES;3997.0;18;3996.0;54;;;4004.0;18;4005.0;54;;;4000.5;0.0
0;1500;DOLPHIN_SIGHTINGS;;;;;;;;;;;;;3000.0;0.0
0;1600;PEARLS;9996.0;1;9995.0;22;;;10004.0;1;10005.0;22;;;10000.0;0.0
0;1600;BANANAS;4891.0;23;;;;;4897.0;23;;;;;4894.0;0.0
0;1600;COCONUTS;8111.0;63;8110.0;105;;;8113.0;168;;;;;8112.0;0.0
0;1600;PINA_COLADAS;15224.0;106;;;;;15227.0;106;;;;;15225.5;2283750.0
0;1600;DIVING_GEAR;99990.0;17;;;;;99993.0;17;;;;;99991.5;0.0
0;1600;BERRIES;3996.0;10;3995.0;49;;;4003.0;10;4004.0;49;;;3999.5;0.0
0;1600;DOLPHIN_SIGHTINGS;;;;;;;;;;;;;3000.0;0.0
0;1700;PEARLS;9995.0;27;;;;;10005.0;27;;;;;10000.0;0.0
0;1700;BANANAS;4890.0;27;;;;;4893.0;2;4897.0;27;;;4891.5;0.0
0;1700;COCONUTS;8109.0;219;;;;;8110.0;78;8112.0;219;;;8109.5;0.0
0;1700;PINA_COLADAS;15222.0;35;15221.0;75;;;15224.0;35;15225.0;75;;;15223.0;2283750.0
0;1700;DIVING_GEAR;99982.0;10;99981.0;20;;;99984.0;10;99985.0;20;;;99983.0;0.0
0;1700;BERRIES;3996.0;20;3995.0;55;;;4003.0;20;4004.0;55;;;3999.5;0.0
0;1700;DOLPHIN_SIGHTINGS;;;;;;;;;;;;;3000.0;0.0
0;1800;PEARLS;9996.0;2;9995.0;25;;;10004.0;2;10005.0;25;;;10000.0;0.0
0;1800;BANANAS;4891.0;2;4890.0;25;;;4897.0;27;;;;;4894.0;0.0
0;1800;COCONUTS;8109.0;191;;;;;8111.0;52;8112.0;139;;;8110.0;0.0
0;1800;PINA_COLADAS;15220.0;94;;;;;15223.0;94;;;;;15221.5;2283750.0
0;1800;DIVING_GEAR;99979.0;10;99978.0;12;;;99981.0;10;99982.0;12;;;99980.0;0.0
0;1800;BERRIES;3997.0;12;3996.0;43;;;4004.0;12;4005.0;43;;;4000.5;0.0
0;1800;DOLPHIN_SIGHTINGS;;;;;;;;;;;;;2999.0;0.0
0;1900;PEARLS;9996.0;2;9995.0;29;;;10004.0;2;10005.0;29;;;10000.0;0.0
0;1900;BANANAS;4890.0;31;;;;;4897.0;31;;;;;4893.5;0.0
0;1900;COCONUTS;8107.0;164;;;;;8110.0;164;;;;;8108.5;0.0
0;1900;PINA_COLADAS;15218.0;39;15217.0;66;;;15220.0;39;15221.0;66;;;15219.0;2283750.0
0;1900;DIVING_GEAR;99967.0;9;99966.0;17;;;99969.0;9;99970.0;17;;;99968.0;0.0
0;1900;BERRIES;3996.0;17;3995.0;53;;;4003.0;17;4004.0;53;;;3999.5;0.0
0;1900;DOLPHIN_SIGHTINGS;;;;;;;;;;;;;2999.0;0.0
0;2000;PEARLS;9996.0;1;9995.0;25;;;10002.0;7;10004.0;1;10005.0;25;9999.0;0.0
0;2000;BANANAS;4890.0;26;;;;;4895.0;7;4896.0;1;4897.0;25;4892.5;0.0
0;2000;COCONUTS;8107.0;185;;;;;8110.0;185;;;;;8108.5;0.0
0;2000;PINA_COLADAS;15217.0;100;;;;;15220.0;100;;;;;15218.5;2283750.0
0;2000;DIVING_GEAR;99959.0;10;99958.0;14;;;99961.0;10;99962.0;14;;;99960.0;0.0
0;2000;BERRIES;3996.0;14;3995.0;55;;;4003.0;14;4004.0;55;;;3999.5;0.0
0;2000;DOLPHIN_SIGHTINGS;;;;;;;;;;;;;2999.0;0.0
0;2100;PEARLS;9995.0;23;;;;;10005.0;23;;;;;10000.0;0.0
0;2100;BANANAS;4890.0;23;;;;;4897.0;23;;;;;4893.5;0.0
0;2100;COCONUTS;8107.0;175;;;;;8110.0;175;;;;;8108.5;0.0
0;2100;PINA_COLADAS;15216.0;99;;;;;15217.0;21;15219.0;99;;;15216.5;2283750.0
0;2100;DIVING_GEAR;99947.0;21;;;;;99950.0;21;;;;;99948.5;0.0
0;2100;BERRIES;3996.0;13;3995.0;56;;;4003.0;13;4004.0;56;;;3999.5;0.0
0;2100;DOLPHIN_SIGHTINGS;;;;;;;;;;;;;2999.0;0.0
0;2200;PEARLS;9996.0;2;9995.0;30;;;10004.0;2;10005.0;30;;;10000.0;0.0
0;2200;BANANAS;4890.0;2;4889.0;30;;;4896.0;32;;;;;4893.0;0.0
0;2200;COCONUTS;8107.0;181;;;;;8110.0;181;;;;;8108.5;0.0
0;2200;PINA_COLADAS;15214.0;74;;;;;15217.0;24;15218.0;50;;;15215.5;2283750.0
0;2200;DIVING_GEAR;99946.0;6;99945.0;15;;;99948.0;6;99949.0;15;;;99947.0;0.0
0;2200;BERRIES;3996.0;15;3995.0;48;;;4003.0;15;4004.0;48;;;3999.5;0.0
0;2200;DOLPHIN_SIGHTINGS;;;;;;;;;;;;;2999.0;0.0
0;2300;PEARLS;9996.0;2;9995.0;22;;;10004.0;2;10005.0;22;;;10000.0;0.0
0;2300;BANANAS;4890.0;2;4889.0;22;;;4896.0;24;;;;;4893.0;0.0
0;2300;COCONUTS;8107.0;162;;;;;8110.0;162;;;;;8108.5;0.0
0;2300;PINA_COLADAS;15218.0;98;;;;;15221.0;98;;;;;15219.5;2283750.0
0;2300;DIVING_GEAR;99938.0;6;99937.0;18;;;99940.0;6;99941.0;18;;;99939.0;0.0
0;2300;BERRIES;3996.0;18;3995.0;60;;;4003.0;18;4004.0;60;;;3999.5;0.0
0;2300;DOLPHIN_SIGHTINGS;;;;;;;;;;;;;2999.0;0.0
0;2400;PEARLS;9998.0;4;9996.0;2;9995.0;23;10004.0;2;10005.0;23;;;10001.0;0.0
0;2400;BANANAS;4894.0;3;4890.0;6;4889.0;23;4896.0;25;;;;;4895.0;0.0
0;2400;COCONUTS;8108.0;194;;;;;8110.0;79;8111.0;115;;;8109.0;0.0
0;2400;PINA_COLADAS;15216.0;88;;;;;15219.0;88;;;;;15217.5;2283750.0
0;2400;DIVING_GEAR;99939.0;20;;;;;99942.0;20;;;;;99940.5;0.0
0;2400;BERRIES;3996.0;13;3995.0;58;;;4003.0;13;4004.0;58;;;3999.5;0.0
0;2400;DOLPHIN_SIGHTINGS;;;;;;;;;;;;;2999.0;0.0
0;2500;PEARLS;9996.0;1;9995.0;20;;;10004.0;1;10005.0;20;;;10000.0;0.0
0;2500;BANANAS;4890.0;21;;;;;4891.0;5;4896.0;1;4897.0;20;4890.5;0.0
0;2500;COCONUTS;8107.0;154;;;;;8110.0;154;;;;;8108.5;0.0
0;2500;PINA_COLADAS;15215.0;77;;;;;15218.0;24;15219.0;53;;;15216.5;2283750.0
0;2500;DIVING_GEAR;99940.0;22;;;;;99943.0;22;;;;;99941.5;0.0
0;2500;BERRIES;3999.0;27;3996.0;15;3995.0;57;4003.0;15;4004.0;57;;;4001.0;0.0
0;2500;DOLPHIN_SIGHTINGS;;;;;;;;;;;;;2999.0;0.0
0;2600;PEARLS;9995.0;25;;;;;10005.0;25;;;;;10000.0;0.0
0;2600;BANANAS;4889.0;25;;;;;4896.0;25;;;;;4892.5;0.0
0;2600;COCONUTS;8108.0;66;8107.0;102;;;8110.0;168;;;;;8109.0;0.0
0;2600;PINA_COLADAS;15218.0;80;;;;;15221.0;80;;;;;15219.5;2283750.0
0;2600;DIVING_GEAR;99939.0;24;;;;;99942.0;24;;;;;99940.5;0.0
0;2600;BERRIES;3996.0;15;3995.0;53;;;3998.0;11;4003.0;15;4004.0;53;3997.0;0.0
0;2600;DOLPHIN_SIGHTINGS;;;;;;;;;;;;;2999.0;0.0
0;2700;PEARLS;9998.0;4;9996.0;1;9995.0;24;10004.0;1;10005.0;24;;;10001.0;0.0
0;2700;BANANAS;4890.0;10;4889.0;24;;;4896.0;25;;;;;4893.0;0.0
0;2700;COCONUTS;8107.0;216;;;;;8110.0;216;;;;;8108.5;0.0
0;2700;PINA_COLADAS;15219.0;39;15218.0;57;;;15222.0;96;;;;;15220.5;2283750.0
0;2700;DIVING_GEAR;99923.0;27;;;;;99926.0;27;;;;;99924.5;0.0
0;2700;BERRIES;3996.0;17;3995.0;48;;;4003.0;17;4004.0;48;;;3999.5;0.0
0;2700;DOLPHIN_SIGHTINGS;;;;;;;;;;;;;2999.0;0.0
0;2800;PEARLS;9998.0;5;9995.0;29;;;10005.0;29;;;;;10001.5;0.0
0;2800;BANANAS;4895.0;1;4891.0;5;4890.0;29;4897.0;29;;;;;4896.0;0.0
0;2800;COCONUTS;8106.0;179;;;;;8109.0;179;;;;;8107.5;0.0
0;2800;PINA_COLADAS;15218.0;23;15217.0;92;;;15220.0;92;;;;;15219.0;2283750.0
0;2800;DIVING_GEAR;99920.0;5;99919.0;20;;;99922.0;5;99923.0;20;;;99921.0;0.0
0;2800;BERRIES;3997.0;20;3996.0;53;;;4004.0;20;4005.0;53;;;4000.5;0.0
0;2800;DOLPHIN_SIGHTINGS;;;;;;;;;;;;;2998.0;0.0
0;2900;PEARLS;10002.0;10;9996.0;2;9995.0;23;10004.0;2;10005.0;23;;;10003.0;0.0
0;2900;BANANAS;4891.0;25;;;;;4897.0;25;;;;;4894.0;0.0
0;2900;COCONUTS;8105.0;170;;;;;8108.0;170;;;;;8106.5;0.0
0;2900;PINA_COLADAS;15216.0;97;;;;;15219.0;97;;;;;15217.5;2283750.0
0;2900;DIVING_GEAR;99920.0;7;99919.0;18;;;99922.0;7;99923.0;18;;;99921.0;0.0
0;2900;BERRIES;3997.0;18;3996.0;59;;;4004.0;18;4005.0;59;;;4000.5;0.0
0;2900;DOLPHIN_SIGHTINGS;;;;;;;;;;;;;2998.0;0.0
0;3000;PEARLS;9996.0;2;9995.0;29;;;10004.0;2;10005.0;29;;;10000.0;0.0
0;3000;BANANAS;4891.0;31;;;;;4897.0;31;;;;;4894.0;0.0
0;3000;COCONUTS;8106.0;189;;;;;8109.0;189;;;;;8107.5;0.0
0;3000;PINA_COLADAS;15216.0;94;;;;;15219.0;94;;;;;15217.5;2283750.0
0;3000;DIVING_GEAR;99920.0;20;;;;;99923.0;20;;;;;99921.5;0.0
0;3000;BERRIES;3998.0;13;3997.0;52;;;4005.0;13;4006.0;52;;;4001.5;0.0
0;3000;DOLPHIN_SIGHTINGS;;;;;;;;;;;;;2998.0;0.0
0;3100;PEARLS;9996.0;2;9995.0;26;;;10004.0;2;10005.0;26;;;10000.0;0.0
0;3100;BANANAS;4891.0;27;;;;;4897.0;2;4898.0;26;;;4894.0;0.0
0;3100;COCONUTS;8105.0;208;;;;;8108.0;208;;;;;8106.5;0.0
0;3100;PINA_COLADAS;15216.0;108;;;;;15219.0;108;;;;;15217.5;2283750.0
0;3100;DIVING_GEAR;99911.0;8;99910.0;19;;;99913.0;8;99914.0;19;;;99912.0;0.0
0;3100;BERRIES;4000.0;7;3997.0;19;3996.0;46;4004.0;19;4005.0;46;;;4002.0;0.0
0;3100;DOLPHIN_SIGHTINGS;;;;;;;;;;;;;2998.0;0.0
0;3200;PEARLS;9996.0;2;9995.0;30;;;10002.0;6;10004.0;2;10005.0;30;9999.0;0.0
0;3200;BANANAS;4891.0;32;;;;;4896.0;6;4898.0;32;;;4893.5;0.0
0;3200;COCONUTS;8105.0;182;;;;;8108.0;182;;;;;8106.5;0.0
0;3200;PINA_COLADAS;15216.0;29;15215.0;63;;;15219.0;92;;;;;15217.5;2283750.0
0;3200;DIVING_GEAR;99908.0;7;99907.0;12;;;99910.0;7;99911.0;12;;;99909.0;0.0
0;3200;BERRIES;3996.0;12;3995.0;49;;;4003.0;12;4004.0;49;;;3999.5;0.0
0;3200;DOLPHIN_SIGHTINGS;;;;;;;;;;;;;2998.0;0.0
0;3300;PEARLS;9996.0;2;9995.0;26;;;10004.0;2;10005.0;26;;;10000.0;0.0
0;3300;BANANAS;4891.0;28;;;;;4897.0;2;4898.0;26;;;4894.0;0.0
0;3300;COCONUTS;8105.0;72;8104.0;174;;;8107.0;174;;;;;8106.0;0.0
0;3300;PINA_COLADAS;15214.0;90;;;;;15217.0;90;;;;;15215.5;2283750.0
0;3300;DIVING_GEAR;99901.0;15;;;;;99904.0;15;;;;;99902.5;0.0
0;3300;BERRIES;3996.0;10;3995.0;52;;;4003.0;10;4004.0;52;;;3999.5;0.0
0;3300;DOLPHIN_SIGHTINGS;;;;;;;;;;;;;2998.0;0.0
0;3400;PEARLS;9996.0;2;9995.0;27;;;10004.0;2;10005.0;27;;;10000.0;0.0
0;3400;BANANAS;4891.0;29;;;;;4897.0;2;4898.0;27;;;4894.0;0.0
0;3400;COCONUTS;8105.0;56;8104.0;152;;;8107.0;152;;;;;8106.0;0.0
0;3400;PINA_COLADAS;15215.0;101;;;;;15218.0;101;;;;;15216.5;2283750.0
0;3400;DIVING_GEAR;99896.0;17;;;;;99899.0;17;;;;;99897.5;0.0
0;3400;BERRIES;3996.0;10;3995.0;54;;;4003.0;10;4004.0;54;;;3999.5;0.0
0;3400;DOLPHIN_SIGHTINGS;;;;;;;;;;;;;2998.0;0.0
0;3500;PEARLS;9996.0;2;9995.0;28;;;10002.0;9;10004.0;2;10005.0;28;9999.0;0.0
0;3500;BANANAS;4891.0;30;;;;;4896.0;9;4897.0;2;4898.0;28;4893.5;0.0
0;3500;COCONUTS;8103.0;49;8102.0;130;;;8105.0;49;8106.0;130;;;8104.0;0.0
0;3500;PINA_COLADAS;15211.0;93;;;;;15214.0;23;15215.0;70;;;15212.5;2283750.0
0;3500;DIVING_GEAR;99903.0;17;;;;;99906.0;17;;;;;99904.5;0.0
0;3500;BERRIES;3995.0;10;3994.0;43;;;4002.0;10;4003.0;43;;;3998.5;0.0
0;3500;DOLPHIN_SIGHTINGS;;;;;;;;;;;;;2997.0;0.0
0;3600;PEARLS;9995.0;21;;;;;9998.0;1;10005.0;21;;;9996.5;0.0
0;3600;BANANAS;4891.0;21;;;;;4898.0;21;;;;;4894.5;0.0
0;3600;COCONUTS;8103.0;202;;;;;8106.0;202;;;;;8104.5;0.0
0;3600;PINA_COLADAS;15215.0;31;15214.0;61;;;15217.0;31;15218.0;61;;;15216.0;2283750.0
0;3600;DIVING_GEAR;99898.0;7;99897.0;16;;;99900.0;7;99901.0;16;;;99899.0;0.0
0;3600;BERRIES;3996.0;16;3995.0;43;;;4003.0;16;4004.0;43;;;3999.5;0.0
0;3600;DOLPHIN_SIGHTINGS;;;;;;;;;;;;;2997.0;0.0
0;3700;PEARLS;9996.0;2;9995.0;29;;;10000.0;5;10002.0;7;10004.0;2;9998.0;0.0
0;3700;BANANAS;4892.0;31;;;;;4896.0;6;4898.0;31;;;4894.0;0.0
0;3700;COCONUTS;8102.0;64;8101.0;106;;;8104.0;170;;;;;8103.0;0.0
0;3700;PINA_COLADAS;15213.0;33;15212.0;60;;;15215.0;33;15216.0;60;;;15214.0;2283750.0
0;3700;DIVING_GEAR;99898.0;7;99897.0;10;;;99900.0;7;99901.0;10;;;99899.0;0.0
0;3700;BERRIES;3996.0;10;3995.0;59;;;4003.0;10;4004.0;59;;;3999.5;0.0
0;3700;DOLPHIN_SIGHTINGS;;;;;;;;;;;;;2997.0;0.0
0;3800;PEARLS;10002.0;1;9996.0;1;9995.0;29;10004.0;1;10005.0;29;;;10003.0;0.0
0;3800;BANANAS;4892.0;30;;;;;4898.0;1;4899.0;29;;;4895.0;0.0
0;3800;COCONUTS;8101.0;72;8100.0;136;;;8103.0;208;;;;;8102.0;0.0
0;3800;PINA_COLADAS;15209.0;93;;;;;15212.0;93;;;;;15210.5;2283750.0
0;3800;DIVING_GEAR;99903.0;18;;;;;99906.0;18;;;;;99904.5;0.0
0;3800;BERRIES;4000.0;3;3996.0;11;3995.0;50;4003.0;11;4004.0;50;;;4001.5;0.0
0;3800;DOLPHIN_SIGHTINGS;;;;;;;;;;;;;2997.0;0.0
0;3900;PEARLS;9998.0;1;9995.0;25;;;10005.0;25;;;;;10001.5;0.0
0;3900;BANANAS;4893.0;1;4892.0;25;;;4898.0;25;;;;;4895.5;0.0
0;3900;COCONUTS;8101.0;198;;;;;8104.0;198;;;;;8102.5;0.0
0;3900;PINA_COLADAS;15208.0;73;;;;;15211.0;73;;;;;15209.5;2283750.0
0;3900;DIVING_GEAR;99900.0;5;99899.0;10;;;99902.0;5;99903.0;10;;;99901.0;0.0
0;3900;BERRIES;3997.0;10;3996.0;47;;;4004.0;10;4005.0;47;;;4000.5;0.0
0;3900;DOLPHIN_SIGHTINGS;;;;;;;;;;;;;2997.0;0.0
0;4000;PEARLS;10002.0;9;9996.0;2;9995.0;27;10004.0;2;10005.0;27;;;10003.0;0.0
0;4000;BANANAS;4892.0;2;4891.0;27;;;4898.0;29;;;;;4895.0;0.0
0;4000;COCONUTS;8102.0;121;;;;;8103.0;23;8105.0;169;;;8102.5;0.0
0;4000;PINA_COLADAS;15212.0;29;15211.0;59;;;15215.0;88;;;;;15213.5;2283750.0
0;4000;DIVING_GEAR;99899.0;8;99898.0;13;;;99901.0;8;99902.0;13;;;99900.0;0.0
0;4000;BERRIES;3997.0;13;3996.0;52;;;4004.0;13;4005.0;52;;;4000.5;0.0
0;4000;DOLPHIN_SIGHTINGS;;;;;;;;;;;;;2996.0;0.0
0;4100;PEARLS;9996.0;1;9995.0;23;;;10004.0;1;10005.0;23;;;10000.0;0.0
0;4100;BANANAS;4892.0;24;;;;;4899.0;24;;;;;4895.5;0.0
0;4100;COCONUTS;8102.0;194;;;;;8104.0;56;8105.0;138;;;8103.0;0.0
0;4100;PINA_COLADAS;15210.0;98;;;;;15213.0;98;;;;;15211.5;2283750.0
0;4100;DIVING_GEAR;99900.0;6;99899.0;19;;;99902.0;6;99903.0;19;;;99901.0;0.0
0;4100;BERRIES;3996.0;19;3995.0;45;;;4003.0;19;4004.0;45;;;3999.5;0.0
0;4100;DOLPHIN_SIGHTINGS;;;;;;;;;;;;;2997.0;0.0
0;4200;PEARLS;9996.0;2;9995.0;26;;;10004.0;2;10005.0;26;;;10000.0;0.0
0;4200;BANANAS;4892.0;26;;;;;4893.0;10;4899.0;28;;;4892.5;0.0
0;4200;COCONUTS;8101.0;76;8100.0;147;;;8103.0;223;;;;;8102.0;0.0
0;4200;PINA_COLADAS;15209.0;27;15208.0;52;;;15211.0;27;15212.0;52;;;15210.0;2283750.0
0;4200;DIVING_GEAR;99900.0;8;99899.0;12;;;99902.0;8;99903.0;12;;;99901.0;0.0
0;4200;BERRIES;3998.0;12;3997.0;47;;;4005.0;12;4006.0;47;;;4001.5;0.0
0;4200;DOLPHIN_SIGHTINGS;;;;;;;;;;;;;2997.0;0.0
0;4300;PEARLS;9996.0;2;9995.0;29;;;10004.0;2;10005.0;29;;;10000.0;0.0
0;4300;BANANAS;4892.0;31;;;;;4899.0;31;;;;;4895.5;0.0
0;4300;COCONUTS;8101.0;201;;;;;8104.0;201;;;;;8102.5;0.0
0;4300;PINA_COLADAS;15208.0;33;15207.0;66;;;15210.0;33;15211.0;66;;;15209.0;2283750.0
0;4300;DIVING_GEAR;99892.0;20;;;;;99895.0;20;;;;;99893.5;0.0
0;4300;BERRIES;3998.0;10;3997.0;54;;;4001.0;1;4005.0;10;4006.0;54;3999.5;0.0
0;4300;DOLPHIN_SIGHTINGS;;;;;;;;;;;;;2996.0;0.0
0;4400;PEARLS;9996.0;1;9995.0;26;;;9998.0;1;10004.0;1;10005.0;26;9997.0;0.0
0;4400;BANANAS;4892.0;26;;;;;4899.0;27;;;;;4895.5;0.0
0;4400;COCONUTS;8101.0;150;;;;;8103.0;43;8104.0;107;;;8102.0;0.0
0;4400;PINA_COLADAS;15207.0;34;15206.0;58;;;15209.0;34;15210.0;58;;;15208.0;2283750.0
0;4400;DIVING_GEAR;99893.0;8;99892.0;18;;;99895.0;8;99896.0;18;;;99894.0;0.0
0;4400;BERRIES;3999.0;18;3998.0;40;;;4006.0;18;4007.0;40;;;4002.5;0.0
0;4400;DOLPHIN_SIGHTINGS;;;;;;;;;;;;;2996.0;0.0
0;4500;PEARLS;9995.0;27;;;;;10005.0;27;;;;;10000.0;0.0
0;4500;BANANAS;4892.0;27;;;;;4899.0;27;;;;;4895.5;0.0
0;4500;COCONUTS;8100.0;178;;;;;8102.0;53;8103.0;125;;;8101.0;0.0
0;4500;PINA_COLADAS;15206.0;29;15205.0;51;;;15208.0;29;15209.0;51;;;15207.0;2283750.0
0;4500;DIVING_GEAR;99901.0;19;;;;;99904.0;19;;;;;99902.5;0.0
0;4500;BERRIES;3999.0;10;3998.0;58;;;4006.0;10;4007.0;58;;;4002.5;0.0
0;4500;DOLPHIN_SIGHTINGS;;;;;;;;;;;;;2996.0;0.0
0;4600;PEARLS;9996.0;1;9995.0;21;;;10004.0;1;10005.0;21;;;10000.0;0.0
0;4600;BANANAS;4893.0;1;4892.0;21;;;4899.0;22;;;;;4896.0;0.0
0;4600;COCONUTS;8101.0;177;;;;;8104.0;177;;;;;8102.5;0.0
0;4600;PINA_COLADAS;15207.0;93;;;;;15210.0;40;15211.0;53;;;15208.5;2283750.0
0;4600;DIVING_GEAR;99892.0;7;99891.0;12;;;99894.0;7;99895.0;12;;;99893.0;0.0
0;4600;BERRIES;3998.0;12;3997.0;45;;;4005.0;12;4006.0;45;;;4001.5;0.0
0;4600;DOLPHIN_SIGHTINGS;;;;;;;;;;;;;2996.0;0.0
0;4700;PEARLS;9998.0;4;9996.0;1;9995.0;26;10004.0;1;10005.0;26;;;10001.0;0.0
0;4700;BANANAS;4892.0;27;;;;;4893.0;8;4899.0;27;;;4892.5;0.0
0;4700;COCONUTS;8101.0;165;;;;;8104.0;165;;;;;8102.5;0.0
0;4700;PINA_COLADAS;15208.0;100;;;;;15211.0;100;;;;;15209.5;2283750.0
0;4700;DIVING_GEAR;99897.0;10;99896.0;18;;;99899.0;10;99900.0;18;;;99898.0;0.0
0;4700;BERRIES;3997.0;18;3996.0;47;;;4004.0;18;4005.0;47;;;4000.5;0.0
0;4700;DOLPHIN_SIGHTINGS;;;;;;;;;;;;;2996.0;0.0
0;4800;PEARLS;10002.0;3;9996.0;1;9995.0;24;10004.0;1;10005.0;24;;;10003.0;0.0
0;4800;BANANAS;4898.0;1;4893.0;1;4892.0;24;4899.0;25;;;;;4898.5;0.0
0;4800;COCONUTS;8102.0;78;8101.0;168;;;8104.0;168;;;;;8103.0;0.0
0;4800;PINA_COLADAS;15208.0;92;;;;;15211.0;92;;;;;15209.5;2283750.0
0;4800;DIVING_GEAR;99898.0;7;99897.0;15;;;99900.0;7;99901.0;15;;;99899.0;0.0
0;4800;BERRIES;3996.0;15;3995.0;50;;;4003.0;15;4004.0;50;;;3999.5;0.0
0;4800;DOLPHIN_SIGHTINGS;;;;;;;;;;;;;2996.0;0.0
0;4900;PEARLS;9995.0;22;;;;;9998.0;4;10005.0;22;;;9996.5;0.0
0;4900;BANANAS;4893.0;22;;;;;4899.0;22;;;;;4896.0;0.0
0;4900;COCONUTS;8100.0;190;;;;;8103.0;190;;;;;8101.5;0.0
0;4900;PINA_COLADAS;15207.0;104;;;;;15210.0;104;;;;;15208.5;2283750.0
0;4900;DIVING_GEAR;99894.0;10;99893.0;10;;;99896.0;10;99897.0;10;;;99895.0;0.0
0;4900;BERRIES;3997.0;10;3996.0;43;;;4004.0;10;4005.0;43;;;4000.5;0.0
0;4900;DOLPHIN_SIGHTINGS;;;;;;;;;;;;;2995.0;0.0
0;5000;PEARLS;9998.0;3;9996.0;1;9995.0;22;10004.0;1;10005.0;22;;;10001.0;0.0
0;5000;BANANAS;4893.0;4;4892.0;22;;;4899.0;23;;;;;4896.0;0.0
0;5000;COCONUTS;8101.0;143;;;;;8103.0;42;8104.0;101;;;8102.0;0.0
0;5000;PINA_COLADAS;15206.0;100;;;;;15209.0;100;;;;;15207.5;2283750.0
0;5000;DIVING_GEAR;99906.0;19;;;;;99909.0;19;;;;;99907.5;0.0
0;5000;BERRIES;3997.0;11;3996.0;42;;;4004.0;11;4005.0;42;;;4000.5;0.0
0;5000;DOLPHIN_SIGHTINGS;;;;;;;;;;;;;2995.0;0.0
0;5100;PEARLS;10002.0;1;9998.0;9;9995.0;25;10005.0;25;;;;;10003.5;0.0
0;5100;BANANAS;4894.0;7;4893.0;25;;;4899.0;25;;;;;4896.5;0.0
0;5100;COCONUTS;8099.0;52;8098.0;134;;;8101.0;186;;;;;8100.0;0.0
0;5100;PINA_COLADAS;15204.0;86;;;;;15207.0;86;;;;;15205.5;2283750.0
0;5100;DIVING_GEAR;99911.0;5;99910.0;15;;;99913.0;5;99914.0;15;;;99912.0;0.0
0;5100;BERRIES;3998.0;15;3997.0;57;;;4005.0;15;4006.0;57;;;4001.5;0.0
0;5100;DOLPHIN_SIGHTINGS;;;;;;;;;;;;;2996.0;0.0
0;5200;PEARLS;9996.0;2;9995.0;22;;;10004.0;2;10005.0;22;;;10000.0;0.0
0;5200;BANANAS;4893.0;24;;;;;4900.0;24;;;;;4896.5;0.0
0;5200;COCONUTS;8100.0;169;;;;;8102.0;43;8103.0;126;;;8101.0;0.0
0;5200;PINA_COLADAS;15205.0;103;;;;;15208.0;103;;;;;15206.5;2283750.0
0;5200;DIVING_GEAR;99903.0;24;;;;;99906.0;24;;;;;99904.5;0.0
0;5200;BERRIES;3999.0;15;3998.0;49;;;4002.0;12;4006.0;15;4007.0;49;4000.5;0.0
0;5200;DOLPHIN_SIGHTINGS;;;;;;;;;;;;;2995.0;0.0
0;5300;PEARLS;9995.0;25;;;;;10005.0;25;;;;;10000.0;0.0
0;5300;BANANAS;4893.0;25;;;;;4900.0;25;;;;;4896.5;0.0
0;5300;COCONUTS;8100.0;181;;;;;8103.0;181;;;;;8101.5;0.0
0;5300;PINA_COLADAS;15208.0;26;15207.0;67;;;15210.0;26;15211.0;67;;;15209.0;2283750.0
0;5300;DIVING_GEAR;99904.0;5;99903.0;14;;;99906.0;5;99907.0;14;;;99905.0;0.0
0;5300;BERRIES;3999.0;14;3998.0;44;;;4006.0;14;4007.0;44;;;4002.5;0.0
0;5300;DOLPHIN_SIGHTINGS;;;;;;;;;;;;;2996.0;0.0
0;5400;PEARLS;9995.0;27;;;;;10000.0;6;10002.0;8;10005.0;27;9997.5;0.0
0;5400;BANANAS;4894.0;27;;;;;4899.0;8;4901.0;27;;;4896.5;0.0
0;5400;COCONUTS;8101.0;172;;;;;8104.0;172;;;;;8102.5;0.0
0;5400;PINA_COLADAS;15210.0;88;;;;;15213.0;88;;;;;15211.5;2283750.0
0;5400;DIVING_GEAR;99908.0;10;99907.0;20;;;99910.0;10;99911.0;20;;;99909.0;0.0
0;5400;BERRIES;4000.0;20;3999.0;45;;;4007.0;20;4008.0;45;;;4003.5;0.0
0;5400;DOLPHIN_SIGHTINGS;;;;;;;;;;;;;2995.0;0.0
0;5500;PEARLS;9996.0;1;9995.0;29;;;10004.0;1;10005.0;29;;;10000.0;0.0
0;5500;BANANAS;4895.0;1;4894.0;29;;;4901.0;30;;;;;4898.0;0.0
0;5500;COCONUTS;8101.0;172;;;;;8102.0;41;8104.0;172;;;8101.5;0.0
0;5500;PINA_COLADAS;15209.0;103;;;;;15212.0;103;;;;;15210.5;2283750.0
0;5500;DIVING_GEAR;99906.0;27;;;;;99909.0;27;;;;;99907.5;0.0
0;5500;BERRIES;3999.0;19;3998.0;60;;;4006.0;19;4007.0;60;;;4002.5;0.0
0;5500;DOLPHIN_SIGHTINGS;;;;;;;;;;;;;2995.0;0.0
0;5600;PEARLS;10002.0;1;9998.0;8;9996.0;1;10004.0;1;10005.0;26;;;10003.0;0.0
0;5600;BANANAS;4896.0;8;4895.0;27;;;4901.0;1;4902.0;26;;;4898.5;0.0
0;5600;COCONUTS;8102.0;48;8101.0;150;;;8104.0;198;;;;;8103.0;0.0
0;5600;PINA_COLADAS;15213.0;32;15212.0;67;;;15215.0;32;15216.0;67;;;15214.0;2283750.0
0;5600;DIVING_GEAR;99912.0;1;99911.0;7;99910.0;12;99913.0;7;99914.0;12;;;99912.5;0.0
0;5600;BERRIES;3999.0;12;3998.0;41;;;4006.0;12;4007.0;41;;;4002.5;0.0
0;5600;DOLPHIN_SIGHTINGS;;;;;;;;;;;;;2995.0;0.0
0;5700;PEARLS;9998.0;4;9996.0;2;9995.0;23;10004.0;2;10005.0;23;;;10001.0;0.0
0;5700;BANANAS;4897.0;2;4896.0;4;4895.0;25;4901.0;25;;;;;4899.0;0.0
0;5700;COCONUTS;8102.0;53;8101.0;124;;;8104.0;177;;;;;8103.0;0.0
0;5700;PINA_COLADAS;15216.0;26;15215.0;59;;;15219.0;85;;;;;15217.5;2283750.0
0;5700;DIVING_GEAR;99910.0;18;;;;;99913.0;18;;;;;99911.5;0.0
0;5700;BERRIES;3999.0;12;3998.0;40;;;4001.0;4;4006.0;12;4007.0;40;4000.0;0.0
0;5700;DOLPHIN_SIGHTINGS;;;;;;;;;;;;;2995.0;0.0
0;5800;PEARLS;10002.0;1;9998.0;10;9995.0;24;10005.0;24;;;;;10003.5;0.0
0;5800;BANANAS;4900.0;1;4895.0;10;4894.0;24;4901.0;24;;;;;4900.5;0.0
0;5800;COCONUTS;8101.0;179;;;;;8104.0;179;;;;;8102.5;0.0
0;5800;PINA_COLADAS;15215.0;101;;;;;15218.0;101;;;;;15216.5;2283750.0
0;5800;DIVING_GEAR;99914.0;19;;;;;99917.0;19;;;;;99915.5;0.0
0;5800;BERRIES;3999.0;12;3998.0;44;;;4006.0;12;4007.0;44;;;4002.5;0.0
0;5800;DOLPHIN_SIGHTINGS;;;;;;;;;;;;;2995.0;0.0
0;5900;PEARLS;10000.0;5;9996.0;1;9995.0;20;10004.0;1;10005.0;20;;;10002.0;0.0
0;5900;BANANAS;4895.0;21;;;;;4901.0;21;;;;;4898.0;0.0
0;5900;COCONUTS;8101.0;73;8100.0;205;;;8102.0;78;8103.0;127;;;8101.5;0.0
0;5900;PINA_COLADAS;15211.0;90;;;;;15214.0;90;;;;;15212.5;2283750.0
0;5900;DIVING_GEAR;99923.0;26;;;;;99926.0;26;;;;;99924.5;0.0
0;5900;BERRIES;3999.0;16;3998.0;49;;;4006.0;16;4007.0;49;;;4002.5;0.0
0;5900;DOLPHIN_SIGHTINGS;;;;;;;;;;;;;2996.0;0.0
0;6000;PEARLS;9996.0;2;9995.0;22;;;9998.0;4;10004.0;2;10005.0;22;9997.0;0.0
0;6000;BANANAS;4895.0;2;4894.0;22;;;4901.0;24;;;;;4898.0;0.0
0;6000;COCONUTS;8100.0;193;;;;;8103.0;193;;;;;8101.5;0.0
0;6000;PINA_COLADAS;15213.0;23;15212.0;68;;;15216.0;91;;;;;15214.5;2283750.0
0;6000;DIVING_GEAR;99919.0;16;;;;;99922.0;16;;;;;99920.5;0.0
0;6000;BERRIES;3999.0;11;3998.0;50;;;4006.0;11;4007.0;50;;;4002.5;0.0
0;6000;DOLPHIN_SIGHTINGS;;;;;;;;;;;;;2996.0;0.0
0;6100;PEARLS;9996.0;1;9995.0;24;;;10000.0;5;10002.0;2;10004.0;1;9998.0;0.0
0;6100;BANANAS;4895.0;1;4894.0;24;;;4899.0;2;4901.0;25;;;4897.0;0.0
0;6100;COCONUTS;8100.0;192;;;;;8101.0;59;8103.0;192;;;8100.5;0.0
0;6100;PINA_COLADAS;15213.0;96;;;;;15216.0;96;;;;;15214.5;2283750.0
0;6100;DIVING_GEAR;99920.0;17;;;;;99923.0;17;;;;;99921.5;0.0
0;6100;BERRIES;3998.0;11;3997.0;49;;;4005.0;11;4006.0;49;;;4001.5;0.0
0;6100;DOLPHIN_SIGHTINGS;;;;;;;;;;;;;2997.0;0.0
0;6200;PEARLS;9996.0;1;9995.0;29;;;10004.0;1;10005.0;29;;;10000.0;0.0
0;6200;BANANAS;4894.0;29;;;;;4895.0;12;4901.0;30;;;4894.5;0.0
0;6200;COCONUTS;8099.0;148;;;;;8102.0;148;;;;;8100.5;0.0
0;6200;PINA_COLADAS;15207.0;99;;;;;15210.0;33;15211.0;66;;;15208.5;2283750.0
0;6200;DIVING_GEAR;99918.0;5;99917.0;13;;;99920.0;18;;;;;99919.0;0.0
0;6200;BERRIES;3999.0;13;3998.0;56;;;4006.0;13;4007.0;56;;;4002.5;0.0
0;6200;DOLPHIN_SIGHTINGS;;;;;;;;;;;;;2997.0;0.0
0;6300;PEARLS;9995.0;25;;;;;10005.0;25;;;;;10000.0;0.0
0;6300;BANANAS;4894.0;24;;;;;4901.0;25;;;;;4897.5;0.0
0;6300;COCONUTS;8099.0;8;8098.0;113;;;8101.0;173;;;;;8100.0;0.0
0;6300;PINA_COLADAS;15206.0;85;;;;;15209.0;85;;;;;15207.5;2283750.0
0;6300;DIVING_GEAR;99918.0;27;;;;;99921.0;27;;;;;99919.5;0.0
0;6300;BERRIES;4003.0;6;3999.0;18;3998.0;52;4006.0;18;4007.0;52;;;4004.5;0.0
0;6300;DOLPHIN_SIGHTINGS;;;;;;;;;;;;;2997.0;0.0
0;6400;PEARLS;10000.0;4;9995.0;23;;;10005.0;23;;;;;10002.5;0.0
0;6400;BANANAS;4894.0;23;;;;;4901.0;23;;;;;4897.5;0.0
0;6400;COCONUTS;8098.0;201;;;;;8100.0;53;8101.0;148;;;8099.0;0.0
0;6400;PINA_COLADAS;15205.0;39;15204.0;73;;;15207.0;39;15208.0;73;;;15206.0;2283750.0
0;6400;DIVING_GEAR;99911.0;10;99910.0;16;;;99913.0;10;99914.0;16;;;99912.0;0.0
0;6400;BERRIES;3999.0;16;3998.0;40;;;4006.0;16;4007.0;40;;;4002.5;0.0
0;6400;DOLPHIN_SIGHTINGS;;;;;;;;;;;;;2997.0;0.0
0;6500;PEARLS;9995.0;20;;;;;10005.0;20;;;;;10000.0;0.0
0;6500;BANANAS;4894.0;20;;;;;4901.0;20;;;;;4897.5;0.0
0;6500;COCONUTS;8098.0;181;;;;;8101.0;181;;;;;8099.5;0.0
0;6500;PINA_COLADAS;15205.0;36;15204.0;71;;;15207.0;36;15208.0;71;;;15206.0;2283750.0
0;6500;DIVING_GEAR;99907.0;29;;;;;99910.0;29;;;;;99908.5;0.0
0;6500;BERRIES;3999.0;20;3998.0;56;;;4006.0;20;4007.0;56;;;4002.5;0.0
0;6500;DOLPHIN_SIGHTINGS;;;;;;;;;;;;;2997.0;0.0
0;6600;PEARLS;9996.0;1;9995.0;26;;;10004.0;1;10005.0;26;;;10000.0;0.0
0;6600;BANANAS;4894.0;27;;;;;4901.0;27;;;;;4897.5;0.0
0;6600;COCONUTS;8098.0;199;;;;;8101.0;199;;;;;8099.5;0.0
0;6600;PINA_COLADAS;15202.0;82;;;;;15205.0;82;;;;;15203.5;2283750.0
0;6600;DIVING_GEAR;99906.0;7;99905.0;14;;;99908.0;7;99909.0;14;;;99907.0;0.0
0;6600;BERRIES;3999.0;14;3998.0;56;;;4006.0;14;4007.0;56;;;4002.5;0.0
0;6600;DOLPHIN_SIGHTINGS;;;;;;;;;;;;;2997.0;0.0
0;6700;PEARLS;10002.0;4;9996.0;2;9995.0;26;10004.0;2;10005.0;26;;;10003.0;0.0
0;6700;BANANAS;4894.0;28;;;;;4900.0;2;4901.0;26;;;4897.0;0.0
0;6700;COCONUTS;8099.0;178;;;;;8101.0;74;8102.0;104;;;8100.0;0.0
0;6700;PINA_COLADAS;15203.0;32;15202.0;74;;;15206.0;106;;;;;15204.5;2283750.0
0;6700;DIVING_GEAR;99912.0;10;99911.0;18;;;99914.0;10;99915.0;18;;;99913.0;0.0
0;6700;BERRIES;3999.0;18;3998.0;54;;;4006.0;18;4007.0;54;;;4002.5;0.0
0;6700;DOLPHIN_SIGHTINGS;;;;;;;;;;;;;2997.0;0.0
0;6800;PEARLS;9998.0;1;9996.0;1;9995.0;23;10004.0;1;10005.0;23;;;10001.0;0.0
0;6800;BANANAS;4894.0;1;4893.0;24;;;4899.0;1;4900.0;23;;;4896.5;0.0
0;6800;COCONUTS;8099.0;191;;;;;8102.0;191;;;;;8100.5;0.0
0;6800;PINA_COLADAS;15207.0;32;15206.0;102;;;15209.0;102;;;;;15208.0;2283750.0
0;6800;DIVING_GEAR;99919.0;9;99918.0;17;;;99921.0;9;99922.0;17;;;99920.0;0.0
0;6800;BERRIES;3999.0;17;3998.0;59;;;4006.0;17;4007.0;59;;;4002.5;0.0
0;6800;DOLPHIN_SIGHTINGS;;;;;;;;;;;;;2997.0;0.0
0;6900;PEARLS;9995.0;28;;;;;10005.0;28;;;;;10000.0;0.0
0;6900;BANANAS;4898.0;1;4897.0;4;4893.0;28;4900.0;28;;;;;4899.0;0.0
0;6900;COCONUTS;8099.0;76;8098.0;131;;;8101.0;207;;;;;8100.0;0.0
0;6900;PINA_COLADAS;15205.0;37;15204.0;56;;;15207.0;37;15208.0;56;;;15206.0;2283750.0
0;6900;DIVING_GEAR;99910.0;30;;;;;99913.0;30;;;;;99911.5;0.0
0;6900;BERRIES;3999.0;20;3998.0;55;;;4001.0;7;4006.0;20;4007.0;55;4000.0;0.0
0;6900;DOLPHIN_SIGHTINGS;;;;;;;;;;;;;2997.0;0.0
0;7000;PEARLS;10000.0;6;9998.0;7;9996.0;2;10004.0;2;10005.0;27;;;10002.0;0.0
0;7000;BANANAS;4894.0;9;4893.0;27;;;4900.0;29;;;;;4897.0;0.0
0;7000;COCONUTS;8099.0;74;8098.0;103;;;8101.0;177;;;;;8100.0;0.0
0;7000;PINA_COLADAS;15205.0;99;;;;;15208.0;99;;;;;15206.5;2283750.0
0;7000;DIVING_GEAR;99905.0;18;;;;;99908.0;18;;;;;99906.5;0.0
0;7000;BERRIES;3998.0;10;3997.0;44;;;4005.0;10;4006.0;44;;;4001.5;0.0
0;7000;DOLPHIN_SIGHTINGS;;;;;;;;;;;;;2997.0;0.0
0;7100;PEARLS;9996.0;1;9995.0;29;;;10004.0;1;10005.0;29;;;10000.0;0.0
0;7100;BANANAS;4893.0;30;;;;;4900.0;30;;;;;4896.5;0.0
0;7100;COCONUTS;8099.0;74;8098.0;117;;;8101.0;191;;;;;8100.0;0.0
0;7100;PINA_COLADAS;15206.0;100;;;;;15209.0;30;15210.0;70;;;15207.5;2283750.0
0;7100;DIVING_GEAR;99909.0;23;;;;;99912.0;23;;;;;99910.5;0.0
0;7100;BERRIES;3999.0;13;3998.0;54;;;4006.0;13;4007.0;54;;;4002.5;0.0
0;7100;DOLPHIN_SIGHTINGS;;;;;;;;;;;;;2997.0;0.0
0;7200;PEARLS;9996.0;2;9995.0;21;;;10004.0;2;10005.0;21;;;10000.0;0.0
0;7200;BANANAS;4893.0;23;;;;;4899.0;2;4900.0;21;;;4896.0;0.0
0;7200;COCONUTS;8098.0;167;;;;;8101.0;167;;;;;8099.5;0.0
0;7200;PINA_COLADAS;15204.0;40;15203.0;57;;;15207.0;97;;;;;15205.5;2283750.0
0;7200;DIVING_GEAR;99897.0;10;99896.0;11;;;99899.0;10;99900.0;11;;;99898.0;0.0
0;7200;BERRIES;3999.0;11;3998.0;45;;;4006.0;11;4007.0;45;;;4002.5;0.0
0;7200;DOLPHIN_SIGHTINGS;;;;;;;;;;;;;2997.0;0.0
0;7300;PEARLS;9996.0;2;9995.0;23;;;10002.0;4;10004.0;2;10005.0;23;9999.0;0.0
0;7300;BANANAS;4893.0;25;;;;;4898.0;4;4900.0;25;;;4895.5;0.0
0;7300;COCONUTS;8099.0;172;;;;;8100.0;51;8101.0;68;8102.0;104;8099.5;0.0
0;7300;PINA_COLADAS;15204.0;38;15203.0;74;;;15206.0;38;15207.0;74;;;15205.0;2283750.0
0;7300;DIVING_GEAR;99894.0;25;;;;;99897.0;25;;;;;99895.5;0.0
0;7300;BERRIES;3999.0;18;3998.0;60;;;4006.0;18;4007.0;60;;;4002.5;0.0
0;7300;DOLPHIN_SIGHTINGS;;;;;;;;;;;;;2997.0;0.0
0;7400;PEARLS;10002.0;1;9996.0;2;9995.0;28;10004.0;2;10005.0;28;;;10003.0;0.0
0;7400;BANANAS;4894.0;30;;;;;4900.0;2;4901.0;28;;;4897.0;0.0
0;7400;COCONUTS;8100.0;73;8099.0;123;;;8102.0;196;;;;;8101.0;0.0
0;7400;PINA_COLADAS;15206.0;98;;;;;15209.0;98;;;;;15207.5;2283750.0
0;7400;DIVING_GEAR;99893.0;19;;;;;99896.0;19;;;;;99894.5;0.0
0;7400;BERRIES;4000.0;10;3999.0;58;;;4007.0;10;4008.0;58;;;4003.5;0.0
0;7400;DOLPHIN_SIGHTINGS;;;;;;;;;;;;;2997.0;0.0
0;7500;PEARLS;9995.0;29;;;;;10005.0;29;;;;;10000.0;0.0
0;7500;BANANAS;4894.0;29;;;;;4901.0;29;;;;;4897.5;0.0
0;7500;COCONUTS;8099.0;193;;;;;8102.0;193;;;;;8100.5;0.0
0;7500;PINA_COLADAS;15206.0;104;;;;;15209.0;104;;;;;15207.5;2283750.0
0;7500;DIVING_GEAR;99901.0;20;;;;;99904.0;20;;;;;99902.5;0.0
0;7500;BERRIES;3999.0;11;3998.0;49;;;4006.0;11;4007.0;49;;;4002.5;0.0
0;7500;DOLPHIN_SIGHTINGS;;;;;;;;;;;;;2997.0;0.0
0;7600;PEARLS;9996.0;2;9995.0;24;;;10004.0;2;10005.0;24;;;10000.0;0.0
0;7600;BANANAS;4895.0;2;4894.0;24;;;4901.0;26;;;;;4898.0;0.0
0;7600;COCONUTS;8100.0;193;;;;;8103.0;193;;;;;8101.5;0.0
0;7600;PINA_COLADAS;15208.0;74;;;;;15211.0;74;;;;;15209.5;2283750.0
0;7600;DIVING_GEAR;99906.0;7;99905.0;10;;;99908.0;7;99909.0;10;;;99907.0;0.0
0;7600;BERRIES;3999.0;10;3998.0;57;;;4006.0;10;4007.0;57;;;4002.5;0.0
0;7600;DOLPHIN_SIGHTINGS;;;;;;;;;;;;;2997.0;0.0
0;7700;PEARLS;9995.0;28;;;;;10005.0;28;;;;;10000.0;0.0
0;7700;BANANAS;4900.0;1;4894.0;28;;;4901.0;28;;;;;4900.5;0.0
0;7700;COCONUTS;8099.0;146;;;;;8102.0;146;;;;;8100.5;0.0
0;7700;PINA_COLADAS;15207.0;32;15206.0;62;;;15209.0;32;15210.0;62;;;15208.0;2283750.0
0;7700;DIVING_GEAR;99904.0;10;99903.0;15;;;99906.0;10;99907.0;15;;;99905.0;0.0
0;7700;BERRIES;3998.0;15;3997.0;45;;;4005.0;15;4006.0;45;;;4001.5;0.0
0;7700;DOLPHIN_SIGHTINGS;;;;;;;;;;;;;2996.0;0.0
0;7800;PEARLS;9996.0;1;9995.0;22;;;10004.0;1;10005.0;22;;;10000.0;0.0
0;7800;BANANAS;4900.0;1;4895.0;1;4894.0;22;4901.0;23;;;;;4900.5;0.0
0;7800;COCONUTS;8098.0;59;8097.0;144;;;8100.0;203;;;;;8099.0;0.0
0;7800;PINA_COLADAS;15203.0;76;;;;;15206.0;20;15207.0;56;;;15204.5;2283750.0
0;7800;DIVING_GEAR;99901.0;21;;;;;99904.0;21;;;;;99902.5;0.0
0;7800;BERRIES;3997.0;12;3996.0;45;;;4004.0;12;4005.0;45;;;4000.5;0.0
0;7800;DOLPHIN_SIGHTINGS;;;;;;;;;;;;;2996.0;0.0
0;7900;PEARLS;9996.0;1;9995.0;25;;;10002.0;4;10004.0;1;10005.0;25;9999.0;0.0
0;7900;BANANAS;4895.0;26;;;;;4900.0;4;4901.0;1;4902.0;25;4897.5;0.0
0;7900;COCONUTS;8098.0;183;;;;;8101.0;183;;;;;8099.5;0.0
0;7900;PINA_COLADAS;15202.0;82;;;;;15205.0;82;;;;;15203.5;2283750.0
0;7900;DIVING_GEAR;99900.0;8;99899.0;15;;;99902.0;8;99903.0;15;;;99901.0;0.0
0;7900;BERRIES;3997.0;15;3996.0;51;;;4004.0;15;4005.0;51;;;4000.5;0.0
0;7900;DOLPHIN_SIGHTINGS;;;;;;;;;;;;;2996.0;0.0
0;8000;PEARLS;9996.0;1;9995.0;22;;;10004.0;1;10005.0;22;;;10000.0;0.0
0;8000;BANANAS;4896.0;23;;;;;4902.0;23;;;;;4899.0;0.0
0;8000;COCONUTS;8098.0;192;;;;;8099.0;40;8101.0;192;;;8098.5;0.0
0;8000;PINA_COLADAS;15203.0;88;;;;;15206.0;88;;;;;15204.5;2283750.0
0;8000;DIVING_GEAR;99909.0;23;;;;;99912.0;23;;;;;99910.5;0.0
0;8000;BERRIES;4000.0;2;3997.0;16;3996.0;48;4004.0;16;4005.0;48;;;4002.0;0.0
0;8000;DOLPHIN_SIGHTINGS;;;;;;;;;;;;;2996.0;0.0
0;8100;PEARLS;9995.0;22;;;;;10005.0;22;;;;;10000.0;0.0
0;8100;BANANAS;4896.0;22;;;;;4902.0;22;;;;;4899.0;0.0
0;8100;COCONUTS;8099.0;202;;;;;8101.0;55;8102.0;147;;;8100.0;0.0
0;8100;PINA_COLADAS;15203.0;92;;;;;15206.0;92;;;;;15204.5;2283750.0
0;8100;DIVING_GEAR;99907.0;10;99906.0;15;;;99909.0;10;99910.0;15;;;99908.0;0.0
0;8100;BERRIES;4000.0;12;3997.0;15;3996.0;58;4004.0;15;4005.0;58;;;4002.0;0.0
0;8100;DOLPHIN_SIGHTINGS;;;;;;;;;;;;;2996.0;0.0
0;8200;PEARLS;9995.0;20;;;;;9998.0;1;10002.0;2;10005.0;20;9996.5;0.0
0;8200;BANANAS;4896.0;20;;;;;4903.0;20;;;;;4899.5;0.0
0;8200;COCONUTS;8098.0;190;;;;;8101.0;190;;;;;8099.5;0.0
0;8200;PINA_COLADAS;15201.0;98;;;;;15204.0;98;;;;;15202.5;2283750.0
0;8200;DIVING_GEAR;99905.0;6;99904.0;11;;;99907.0;6;99908.0;11;;;99906.0;0.0
0;8200;BERRIES;3997.0;11;3996.0;59;;;4004.0;11;4005.0;59;;;4000.5;0.0
0;8200;DOLPHIN_SIGHTINGS;;;;;;;;;;;;;2996.0;0.0
0;8300;PEARLS;10002.0;1;9998.0;6;9996.0;1;10004.0;1;10005.0;26;;;10003.0;0.0
0;8300;BANANAS;4897.0;7;4896.0;26;;;4903.0;27;;;;;4900.0;0.0
0;8300;COCONUTS;8098.0;183;;;;;8101.0;183;;;;;8099.5;0.0
0;8300;PINA_COLADAS;15202.0;33;15201.0;65;;;15204.0;33;15205.0;65;;;15203.0;2283750.0
0;8300;DIVING_GEAR;99907.0;7;99906.0;17;;;99909.0;7;99910.0;17;;;99908.0;0.0
0;8300;BERRIES;4001.0;23;3997.0;17;3996.0;51;4004.0;17;4005.0;51;;;4002.5;0.0
0;8300;DOLPHIN_SIGHTINGS;;;;;;;;;;;;;2996.0;0.0
0;8400;PEARLS;9995.0;26;;;;;10005.0;26;;;;;10000.0;0.0
0;8400;BANANAS;4897.0;26;;;;;4904.0;26;;;;;4900.5;0.0
0;8400;COCONUTS;8099.0;79;8098.0;143;;;8101.0;222;;;;;8100.0;0.0
0;8400;PINA_COLADAS;15205.0;26;15204.0;50;;;15207.0;26;15208.0;50;;;15206.0;2283750.0
0;8400;DIVING_GEAR;99906.0;26;;;;;99909.0;26;;;;;99907.5;0.0
0;8400;BERRIES;3998.0;17;3997.0;55;;;4005.0;17;4006.0;55;;;4001.5;0.0
0;8400;DOLPHIN_SIGHTINGS;;;;;;;;;;;;;2995.0;0.0
0;8500;PEARLS;9995.0;30;;;;;10005.0;30;;;;;10000.0;0.0
0;8500;BANANAS;4899.0;5;4896.0;30;;;4903.0;30;;;;;4901.0;0.0
0;8500;COCONUTS;8098.0;172;;;;;8101.0;172;;;;;8099.5;0.0
0;8500;PINA_COLADAS;15204.0;40;15203.0;61;;;15207.0;101;;;;;15205.5;2283750.0
0;8500;DIVING_GEAR;99905.0;8;99904.0;11;;;99907.0;8;99908.0;11;;;99906.0;0.0
0;8500;BERRIES;3998.0;11;3997.0;52;;;4005.0;11;4006.0;52;;;4001.5;0.0
0;8500;DOLPHIN_SIGHTINGS;;;;;;;;;;;;;2995.0;0.0
0;8600;PEARLS;9996.0;1;9995.0;22;;;10004.0;1;10005.0;22;;;10000.0;0.0
0;8600;BANANAS;4896.0;23;;;;;4903.0;23;;;;;4899.5;0.0
0;8600;COCONUTS;8098.0;78;8097.0;156;;;8100.0;156;;;;;8099.0;0.0
0;8600;PINA_COLADAS;15205.0;92;;;;;15208.0;92;;;;;15206.5;2283750.0
0;8600;DIVING_GEAR;99898.0;8;99897.0;12;;;99900.0;10;99901.0;12;;;99899.0;0.0
0;8600;BERRIES;3996.0;12;3995.0;59;;;4003.0;12;4004.0;59;;;3999.5;0.0
0;8600;DOLPHIN_SIGHTINGS;;;;;;;;;;;;;2995.0;0.0
0;8700;PEARLS;9996.0;1;9995.0;29;;;10004.0;1;10005.0;29;;;10000.0;0.0
0;8700;BANANAS;4896.0;30;;;;;4898.0;1;4903.0;30;;;4897.0;0.0
0;8700;COCONUTS;8096.0;182;;;;;8099.0;182;;;;;8097.5;0.0
0;8700;PINA_COLADAS;15203.0;33;15202.0;101;;;15205.0;31;15206.0;70;;;15204.0;2283750.0
0;8700;DIVING_GEAR;99898.0;8;99897.0;13;;;99900.0;8;99901.0;13;;;99899.0;0.0
0;8700;BERRIES;3995.0;13;3994.0;40;;;4002.0;13;4003.0;40;;;3998.5;0.0
0;8700;DOLPHIN_SIGHTINGS;;;;;;;;;;;;;2995.0;0.0
0;8800;PEARLS;9995.0;23;;;;;9998.0;12;10005.0;23;;;9996.5;0.0
0;8800;BANANAS;4896.0;23;;;;;4897.0;4;4903.0;23;;;4896.5;0.0
0;8800;COCONUTS;8096.0;64;8095.0;139;;;8098.0;64;8099.0;139;;;8097.0;0.0
0;8800;PINA_COLADAS;15203.0;86;;;;;15206.0;24;15207.0;62;;;15204.5;2283750.0
0;8800;DIVING_GEAR;99895.0;5;99894.0;15;;;99897.0;5;99898.0;15;;;99896.0;0.0
0;8800;BERRIES;3996.0;15;3995.0;57;;;4003.0;15;4004.0;57;;;3999.5;0.0
0;8800;DOLPHIN_SIGHTINGS;;;;;;;;;;;;;2995.0;0.0
0;8900;PEARLS;10002.0;5;9996.0;1;9995.0;26;10004.0;1;10005.0;26;;;10003.0;0.0
0;8900;BANANAS;4896.0;27;;;;;4902.0;1;4903.0;26;;;4899.0;0.0
0;8900;COCONUTS;8095.0;185;;;;;8098.0;185;;;;;8096.5;0.0
0;8900;PINA_COLADAS;15199.0;97;;;;;15202.0;97;;;;;15200.5;2283750.0
0;8900;DIVING_GEAR;99902.0;16;;;;;99905.0;16;;;;;99903.5;0.0
0;8900;BERRIES;3997.0;11;3996.0;44;;;4004.0;11;4005.0;44;;;4000.5;0.0
0;8900;DOLPHIN_SIGHTINGS;;;;;;;;;;;;;2995.0;0.0
0;9000;PEARLS;9995.0;23;;;;;10002.0;7;10005.0;23;;;9998.5;0.0
0;9000;BANANAS;4895.0;23;;;;;4900.0;7;4902.0;23;;;4897.5;0.0
0;9000;COCONUTS;8096.0;78;8095.0;116;;;8098.0;194;;;;;8097.0;0.0
0;9000;PINA_COLADAS;15198.0;33;15197.0;73;;;15201.0;106;;;;;15199.5;2283750.0
0;9000;DIVING_GEAR;99906.0;16;;;;;99909.0;16;;;;;99907.5;0.0
0;9000;BERRIES;3997.0;10;3996.0;47;;;4004.0;10;4005.0;47;;;4000.5;0.0
0;9000;DOLPHIN_SIGHTINGS;;;;;;;;;;;;;2995.0;0.0
0;9100;PEARLS;9996.0;1;9995.0;30;;;10004.0;1;10005.0;30;;;10000.0;0.0
0;9100;BANANAS;4896.0;31;;;;;4899.0;3;4903.0;31;;;4897.5;0.0
0;9100;COCONUTS;8096.0;61;8095.0;149;;;8098.0;210;;;;;8097.0;0.0
0;9100;PINA_COLADAS;15199.0;74;;;;;15202.0;74;;;;;15200.5;2283750.0
0;9100;DIVING_GEAR;99906.0;25;;;;;99909.0;25;;;;;99907.5;0.0
0;9100;BERRIES;3996.0;19;3995.0;44;;;4003.0;19;4004.0;44;;;3999.5;0.0
0;9100;DOLPHIN_SIGHTINGS;;;;;;;;;;;;;2995.0;0.0
0;9200;PEARLS;9995.0;24;;;;;10002.0;3;10005.0;24;;;9998.5;0.0
0;9200;BANANAS;4896.0;24;;;;;4901.0;3;4903.0;24;;;4898.5;0.0
0;9200;COCONUTS;8095.0;182;;;;;8097.0;51;8098.0;131;;;8096.0;0.0
0;9200;PINA_COLADAS;15197.0;85;;;;;15198.0;38;15200.0;85;;;15197.5;2283750.0
0;9200;DIVING_GEAR;99910.0;28;;;;;99913.0;28;;;;;99911.5;0.0
0;9200;BERRIES;3996.0;20;3995.0;44;;;4003.0;20;4004.0;44;;;3999.5;0.0
0;9200;DOLPHIN_SIGHTINGS;;;;;;;;;;;;;2995.0;0.0
0;9300;PEARLS;9995.0;23;;;;;10005.0;23;;;;;10000.0;0.0
0;9300;BANANAS;4895.0;23;;;;;4902.0;23;;;;;4898.5;0.0
0;9300;COCONUTS;8095.0;56;8094.0;153;;;8097.0;153;;;;;8096.0;0.0
0;9300;PINA_COLADAS;15197.0;38;15196.0;71;;;15199.0;71;;;;;15198.0;2283750.0
0;9300;DIVING_GEAR;99908.0;16;;;;;99911.0;16;;;;;99909.5;0.0
0;9300;BERRIES;3996.0;10;3995.0;52;;;4003.0;10;4004.0;52;;;3999.5;0.0
0;9300;DOLPHIN_SIGHTINGS;;;;;;;;;;;;;2995.0;0.0
0;9400;PEARLS;9996.0;2;9995.0;22;;;10004.0;2;10005.0;22;;;10000.0;0.0
0;9400;BANANAS;4895.0;24;;;;;4902.0;24;;;;;4898.5;0.0
0;9400;COCONUTS;8093.0;201;;;;;8096.0;201;;;;;8094.5;0.0
0;9400;PINA_COLADAS;15195.0;102;;;;;15198.0;102;;;;;15196.5;2283750.0
0;9400;DIVING_GEAR;99915.0;9;99914.0;15;;;99917.0;9;99918.0;15;;;99916.0;0.0
0;9400;BERRIES;3995.0;15;3994.0;55;;;4002.0;15;4003.0;55;;;3998.5;0.0
0;9400;DOLPHIN_SIGHTINGS;;;;;;;;;;;;;2994.0;0.0
0;9500;PEARLS;9998.0;9;9996.0;1;9995.0;28;10004.0;1;10005.0;28;;;10001.0;0.0
0;9500;BANANAS;4897.0;9;4896.0;29;;;4902.0;1;4903.0;28;;;4899.5;0.0
0;9500;COCONUTS;8093.0;52;8092.0;114;;;8095.0;166;;;;;8094.0;0.0
0;9500;PINA_COLADAS;15194.0;37;15193.0;70;;;15197.0;107;;;;;15195.5;2283750.0
0;9500;DIVING_GEAR;99915.0;6;99914.0;14;;;99917.0;6;99918.0;14;;;99916.0;0.0
0;9500;BERRIES;3994.0;14;3993.0;50;;;4001.0;14;4002.0;50;;;3997.5;0.0
0;9500;DOLPHIN_SIGHTINGS;;;;;;;;;;;;;2994.0;0.0
0;9600;PEARLS;9995.0;20;;;;;10005.0;20;;;;;10000.0;0.0
0;9600;BANANAS;4896.0;19;;;;;4902.0;20;;;;;4899.0;0.0
0;9600;COCONUTS;8092.0;223;;;;;8095.0;223;;;;;8093.5;0.0
0;9600;PINA_COLADAS;15194.0;25;15193.0;52;;;15197.0;77;;;;;15195.5;2283750.0
0;9600;DIVING_GEAR;99918.0;22;;;;;99921.0;22;;;;;99919.5;0.0
0;9600;BERRIES;3995.0;12;3994.0;46;;;4002.0;12;4003.0;46;;;3998.5;0.0
0;9600;DOLPHIN_SIGHTINGS;;;;;;;;;;;;;2994.0;0.0
0;9700;PEARLS;9998.0;3;9995.0;25;;;10005.0;25;;;;;10001.5;0.0
0;9700;BANANAS;4897.0;3;4896.0;25;;;4903.0;25;;;;;4900.0;0.0
0;9700;COCONUTS;8092.0;160;;;;;8095.0;160;;;;;8093.5;0.0
0;9700;PINA_COLADAS;15190.0;101;;;;;15193.0;34;15194.0;67;;;15191.5;2283750.0
0;9700;DIVING_GEAR;99910.0;23;;;;;99913.0;23;;;;;99911.5;0.0
0;9700;BERRIES;3995.0;18;3994.0;59;;;4002.0;18;4003.0;59;;;3998.5;0.0
0;9700;DOLPHIN_SIGHTINGS;;;;;;;;;;;;;2994.0;0.0
0;9800;PEARLS;9995.0;21;;;;;10002.0;5;10005.0;21;;;9998.5;0.0
0;9800;BANANAS;4895.0;21;;;;;4900.0;5;4902.0;21;;;4897.5;0.0
0;9800;COCONUTS;8092.0;59;8091.0;133;;;8094.0;192;;;;;8093.0;0.0
0;9800;PINA_COLADAS;15191.0;33;15190.0;57;;;15194.0;90;;;;;15192.5;2283750.0
0;9800;DIVING_GEAR;99912.0;20;;;;;99915.0;20;;;;;99913.5;0.0
0;9800;BERRIES;3994.0;13;3993.0;54;;;4001.0;13;4002.0;54;;;3997.5;0.0
0;9800;DOLPHIN_SIGHTINGS;;;;;;;;;;;;;2994.0;0.0
0;9900;PEARLS;9995.0;22;;;;;10005.0;22;;;;;10000.0;0.0
0;9900;BANANAS;4895.0;22;;;;;4902.0;22;;;;;4898.5;0.0
0;9900;COCONUTS;8092.0;172;;;;;8095.0;172;;;;;8093.5;0.0
0;9900;PINA_COLADAS;15193.0;38;15192.0;98;;;15195.0;98;;;;;15194.0;2283750.0
0;9900;DIVING_GEAR;99902.0;9;99901.0;13;;;99904.0;9;99905.0;13;;;99903.0;0.0
0;9900;BERRIES;3995.0;13;3994.0;56;;;4002.0;13;4003.0;56;;;3998.5;0.0
0;9900;DOLPHIN_SIGHTINGS;;;;;;;;;;;;;2994.0;0.0
0;10000;PEARLS;9998.0;8;9996.0;2;9995.0;29;10004.0;2;10005.0;29;;;10001.0;0.0
0;10000;BANANAS;4896.0;8;4895.0;31;;;4902.0;31;;;;;4899.0;0.0
0;10000;COCONUTS;8091.0;174;;;;;8094.0;174;;;;;8092.5;0.0
0;10000;PINA_COLADAS;15189.0;20;15188.0;52;;;15191.0;20;15192.0;52;;;15190.0;1190194.0
0;10000;DIVING_GEAR;99889.0;28;;;;;99892.0;28;;;;;99890.5;0.0
0;10000;BERRIES;3994.0;19;3993.0;51;;;4001.0;19;4002.0;51;;;3997.5;0.0
0;10000;DOLPHIN_SIGHTINGS;;;;;;;;;;;;;2994.0;0.0
